{"/Users/oonysk/Documents/nodejs-homework/05-images/app.js": {"path":"/Users/oonysk/Documents/nodejs-homework/05-images/app.js","statementMap":{"0":{"start":{"line":1,"column":16},"end":{"line":1,"column":34}},"1":{"start":{"line":2,"column":15},"end":{"line":2,"column":32}},"2":{"start":{"line":3,"column":13},"end":{"line":3,"column":28}},"3":{"start":{"line":4,"column":13},"end":{"line":4,"column":28}},"4":{"start":{"line":5,"column":23},"end":{"line":5,"column":55}},"5":{"start":{"line":6,"column":20},"end":{"line":6,"column":49}},"6":{"start":{"line":7,"column":22},"end":{"line":7,"column":52}},"7":{"start":{"line":8,"column":0},"end":{"line":8,"column":27}},"8":{"start":{"line":10,"column":12},"end":{"line":10,"column":21}},"9":{"start":{"line":12,"column":25},"end":{"line":12,"column":53}},"10":{"start":{"line":13,"column":0},"end":{"line":13,"column":64}},"11":{"start":{"line":14,"column":22},"end":{"line":14,"column":72}},"12":{"start":{"line":16,"column":0},"end":{"line":16,"column":60}},"13":{"start":{"line":17,"column":0},"end":{"line":17,"column":16}},"14":{"start":{"line":18,"column":0},"end":{"line":18,"column":24}},"15":{"start":{"line":20,"column":0},"end":{"line":20,"column":41}},"16":{"start":{"line":21,"column":0},"end":{"line":21,"column":35}},"17":{"start":{"line":23,"column":0},"end":{"line":25,"column":3}},"18":{"start":{"line":24,"column":2},"end":{"line":24,"column":49}},"19":{"start":{"line":27,"column":0},"end":{"line":31,"column":3}},"20":{"start":{"line":28,"column":2},"end":{"line":30,"column":36}},"21":{"start":{"line":33,"column":0},"end":{"line":33,"column":21}}},"fnMap":{"0":{"name":"(anonymous_0)","decl":{"start":{"line":23,"column":8},"end":{"line":23,"column":9}},"loc":{"start":{"line":23,"column":22},"end":{"line":25,"column":1}},"line":23},"1":{"name":"(anonymous_1)","decl":{"start":{"line":27,"column":8},"end":{"line":27,"column":9}},"loc":{"start":{"line":27,"column":33},"end":{"line":31,"column":1}},"line":27}},"branchMap":{"0":{"loc":{"start":{"line":14,"column":22},"end":{"line":14,"column":72}},"type":"cond-expr","locations":[{"start":{"line":14,"column":57},"end":{"line":14,"column":62}},{"start":{"line":14,"column":65},"end":{"line":14,"column":72}}],"line":14},"1":{"loc":{"start":{"line":16,"column":0},"end":{"line":16,"column":59}},"type":"binary-expr","locations":[{"start":{"line":16,"column":0},"end":{"line":16,"column":25}},{"start":{"line":16,"column":29},"end":{"line":16,"column":59}}],"line":16},"2":{"loc":{"start":{"line":29,"column":12},"end":{"line":29,"column":57}},"type":"binary-expr","locations":[{"start":{"line":29,"column":12},"end":{"line":29,"column":22}},{"start":{"line":29,"column":26},"end":{"line":29,"column":57}}],"line":29}},"s":{"0":2,"1":2,"2":2,"3":2,"4":2,"5":2,"6":2,"7":2,"8":2,"9":2,"10":2,"11":2,"12":2,"13":2,"14":2,"15":2,"16":2,"17":2,"18":0,"19":2,"20":10,"21":2},"f":{"0":0,"1":10},"b":{"0":[0,2],"1":[2,0],"2":[10,2]},"_coverageSchema":"1a1c01bbd47fc00a2c39e90264f33305004495a9","hash":"ecc238bd02593af3f3b49314ae352e6e009411d3"}
,"/Users/oonysk/Documents/nodejs-homework/05-images/config/passport.js": {"path":"/Users/oonysk/Documents/nodejs-homework/05-images/config/passport.js","statementMap":{"0":{"start":{"line":1,"column":17},"end":{"line":1,"column":36}},"1":{"start":{"line":2,"column":33},"end":{"line":2,"column":56}},"2":{"start":{"line":3,"column":14},"end":{"line":3,"column":39}},"3":{"start":{"line":5,"column":0},"end":{"line":5,"column":27}},"4":{"start":{"line":6,"column":19},"end":{"line":6,"column":41}},"5":{"start":{"line":8,"column":15},"end":{"line":11,"column":1}},"6":{"start":{"line":13,"column":0},"end":{"line":28,"column":2}},"7":{"start":{"line":15,"column":4},"end":{"line":26,"column":5}},"8":{"start":{"line":16,"column":19},"end":{"line":16,"column":51}},"9":{"start":{"line":17,"column":6},"end":{"line":19,"column":7}},"10":{"start":{"line":18,"column":8},"end":{"line":18,"column":49}},"11":{"start":{"line":20,"column":6},"end":{"line":22,"column":7}},"12":{"start":{"line":21,"column":8},"end":{"line":21,"column":33}},"13":{"start":{"line":23,"column":6},"end":{"line":23,"column":30}},"14":{"start":{"line":25,"column":6},"end":{"line":25,"column":16}}},"fnMap":{"0":{"name":"(anonymous_0)","decl":{"start":{"line":14,"column":23},"end":{"line":14,"column":24}},"loc":{"start":{"line":14,"column":48},"end":{"line":27,"column":3}},"line":14}},"branchMap":{"0":{"loc":{"start":{"line":17,"column":6},"end":{"line":19,"column":7}},"type":"if","locations":[{"start":{"line":17,"column":6},"end":{"line":19,"column":7}},{"start":{"line":17,"column":6},"end":{"line":19,"column":7}}],"line":17},"1":{"loc":{"start":{"line":20,"column":6},"end":{"line":22,"column":7}},"type":"if","locations":[{"start":{"line":20,"column":6},"end":{"line":22,"column":7}},{"start":{"line":20,"column":6},"end":{"line":22,"column":7}}],"line":20}},"s":{"0":2,"1":2,"2":2,"3":2,"4":2,"5":2,"6":2,"7":16,"8":16,"9":16,"10":0,"11":16,"12":0,"13":16,"14":0},"f":{"0":16},"b":{"0":[0,16],"1":[0,16]},"_coverageSchema":"1a1c01bbd47fc00a2c39e90264f33305004495a9","hash":"2c9aae9e634c73c34de18af7924b869e75ab6f7f"}
,"/Users/oonysk/Documents/nodejs-homework/05-images/controllers/contactController.js": {"path":"/Users/oonysk/Documents/nodejs-homework/05-images/controllers/contactController.js","statementMap":{"0":{"start":{"line":1,"column":17},"end":{"line":1,"column":45}},"1":{"start":{"line":2,"column":22},"end":{"line":2,"column":53}},"2":{"start":{"line":4,"column":21},"end":{"line":18,"column":1}},"3":{"start":{"line":5,"column":2},"end":{"line":17,"column":3}},"4":{"start":{"line":6,"column":19},"end":{"line":6,"column":30}},"5":{"start":{"line":7,"column":21},"end":{"line":7,"column":56}},"6":{"start":{"line":8,"column":4},"end":{"line":14,"column":7}},"7":{"start":{"line":16,"column":4},"end":{"line":16,"column":12}},"8":{"start":{"line":20,"column":23},"end":{"line":44,"column":1}},"9":{"start":{"line":21,"column":2},"end":{"line":43,"column":3}},"10":{"start":{"line":24,"column":8},"end":{"line":24,"column":11}},"11":{"start":{"line":25,"column":19},"end":{"line":25,"column":30}},"12":{"start":{"line":26,"column":20},"end":{"line":26,"column":68}},"13":{"start":{"line":27,"column":4},"end":{"line":40,"column":5}},"14":{"start":{"line":28,"column":6},"end":{"line":34,"column":9}},"15":{"start":{"line":36,"column":6},"end":{"line":39,"column":9}},"16":{"start":{"line":42,"column":4},"end":{"line":42,"column":12}},"17":{"start":{"line":46,"column":19},"end":{"line":60,"column":1}},"18":{"start":{"line":47,"column":2},"end":{"line":59,"column":3}},"19":{"start":{"line":48,"column":19},"end":{"line":48,"column":30}},"20":{"start":{"line":49,"column":20},"end":{"line":49,"column":77}},"21":{"start":{"line":50,"column":4},"end":{"line":56,"column":7}},"22":{"start":{"line":58,"column":4},"end":{"line":58,"column":12}},"23":{"start":{"line":62,"column":22},"end":{"line":88,"column":1}},"24":{"start":{"line":63,"column":2},"end":{"line":87,"column":3}},"25":{"start":{"line":67,"column":8},"end":{"line":67,"column":11}},"26":{"start":{"line":68,"column":19},"end":{"line":68,"column":30}},"27":{"start":{"line":69,"column":20},"end":{"line":69,"column":73}},"28":{"start":{"line":70,"column":4},"end":{"line":84,"column":5}},"29":{"start":{"line":71,"column":6},"end":{"line":77,"column":9}},"30":{"start":{"line":79,"column":6},"end":{"line":83,"column":9}},"31":{"start":{"line":86,"column":4},"end":{"line":86,"column":12}},"32":{"start":{"line":90,"column":22},"end":{"line":114,"column":1}},"33":{"start":{"line":91,"column":2},"end":{"line":113,"column":3}},"34":{"start":{"line":94,"column":8},"end":{"line":94,"column":11}},"35":{"start":{"line":95,"column":19},"end":{"line":95,"column":30}},"36":{"start":{"line":96,"column":20},"end":{"line":96,"column":67}},"37":{"start":{"line":97,"column":4},"end":{"line":110,"column":5}},"38":{"start":{"line":98,"column":6},"end":{"line":104,"column":9}},"39":{"start":{"line":106,"column":6},"end":{"line":109,"column":9}},"40":{"start":{"line":112,"column":4},"end":{"line":112,"column":12}},"41":{"start":{"line":116,"column":0},"end":{"line":122,"column":2}}},"fnMap":{"0":{"name":"(anonymous_0)","decl":{"start":{"line":4,"column":21},"end":{"line":4,"column":22}},"loc":{"start":{"line":4,"column":47},"end":{"line":18,"column":1}},"line":4},"1":{"name":"(anonymous_1)","decl":{"start":{"line":20,"column":23},"end":{"line":20,"column":24}},"loc":{"start":{"line":20,"column":49},"end":{"line":44,"column":1}},"line":20},"2":{"name":"(anonymous_2)","decl":{"start":{"line":46,"column":19},"end":{"line":46,"column":20}},"loc":{"start":{"line":46,"column":45},"end":{"line":60,"column":1}},"line":46},"3":{"name":"(anonymous_3)","decl":{"start":{"line":62,"column":22},"end":{"line":62,"column":23}},"loc":{"start":{"line":62,"column":48},"end":{"line":88,"column":1}},"line":62},"4":{"name":"(anonymous_4)","decl":{"start":{"line":90,"column":22},"end":{"line":90,"column":23}},"loc":{"start":{"line":90,"column":48},"end":{"line":114,"column":1}},"line":90}},"branchMap":{"0":{"loc":{"start":{"line":27,"column":4},"end":{"line":40,"column":5}},"type":"if","locations":[{"start":{"line":27,"column":4},"end":{"line":40,"column":5}},{"start":{"line":27,"column":4},"end":{"line":40,"column":5}}],"line":27},"1":{"loc":{"start":{"line":70,"column":4},"end":{"line":84,"column":5}},"type":"if","locations":[{"start":{"line":70,"column":4},"end":{"line":84,"column":5}},{"start":{"line":70,"column":4},"end":{"line":84,"column":5}}],"line":70},"2":{"loc":{"start":{"line":97,"column":4},"end":{"line":110,"column":5}},"type":"if","locations":[{"start":{"line":97,"column":4},"end":{"line":110,"column":5}},{"start":{"line":97,"column":4},"end":{"line":110,"column":5}}],"line":97}},"s":{"0":2,"1":2,"2":2,"3":1,"4":1,"5":1,"6":1,"7":0,"8":2,"9":2,"10":2,"11":2,"12":2,"13":2,"14":1,"15":1,"16":0,"17":2,"18":1,"19":1,"20":1,"21":1,"22":0,"23":2,"24":2,"25":2,"26":2,"27":2,"28":2,"29":1,"30":1,"31":0,"32":2,"33":2,"34":2,"35":2,"36":2,"37":2,"38":1,"39":1,"40":0,"41":2},"f":{"0":1,"1":2,"2":1,"3":2,"4":2},"b":{"0":[1,1],"1":[1,1],"2":[1,1]},"_coverageSchema":"1a1c01bbd47fc00a2c39e90264f33305004495a9","hash":"0222b9d3983a58e982151eed402c54773ca4cfea"}
,"/Users/oonysk/Documents/nodejs-homework/05-images/controllers/userController.js": {"path":"/Users/oonysk/Documents/nodejs-homework/05-images/controllers/userController.js","statementMap":{"0":{"start":{"line":1,"column":12},"end":{"line":1,"column":35}},"1":{"start":{"line":2,"column":14},"end":{"line":2,"column":39}},"2":{"start":{"line":3,"column":22},"end":{"line":3,"column":53}},"3":{"start":{"line":4,"column":11},"end":{"line":4,"column":33}},"4":{"start":{"line":5,"column":13},"end":{"line":5,"column":28}},"5":{"start":{"line":6,"column":13},"end":{"line":6,"column":28}},"6":{"start":{"line":7,"column":28},"end":{"line":7,"column":60}},"7":{"start":{"line":9,"column":0},"end":{"line":9,"column":27}},"8":{"start":{"line":10,"column":19},"end":{"line":10,"column":41}},"9":{"start":{"line":12,"column":17},"end":{"line":36,"column":1}},"10":{"start":{"line":13,"column":2},"end":{"line":35,"column":3}},"11":{"start":{"line":14,"column":22},"end":{"line":14,"column":30}},"12":{"start":{"line":15,"column":17},"end":{"line":15,"column":47}},"13":{"start":{"line":16,"column":4},"end":{"line":21,"column":5}},"14":{"start":{"line":17,"column":6},"end":{"line":20,"column":9}},"15":{"start":{"line":22,"column":20},"end":{"line":22,"column":48}},"16":{"start":{"line":23,"column":4},"end":{"line":32,"column":7}},"17":{"start":{"line":34,"column":4},"end":{"line":34,"column":12}},"18":{"start":{"line":38,"column":14},"end":{"line":69,"column":1}},"19":{"start":{"line":39,"column":2},"end":{"line":68,"column":3}},"20":{"start":{"line":40,"column":32},"end":{"line":40,"column":40}},"21":{"start":{"line":41,"column":17},"end":{"line":41,"column":47}},"22":{"start":{"line":42,"column":4},"end":{"line":49,"column":5}},"23":{"start":{"line":43,"column":6},"end":{"line":48,"column":9}},"24":{"start":{"line":50,"column":15},"end":{"line":50,"column":23}},"25":{"start":{"line":51,"column":20},"end":{"line":51,"column":26}},"26":{"start":{"line":52,"column":18},"end":{"line":52,"column":68}},"27":{"start":{"line":53,"column":4},"end":{"line":53,"column":39}},"28":{"start":{"line":54,"column":4},"end":{"line":65,"column":7}},"29":{"start":{"line":67,"column":4},"end":{"line":67,"column":12}},"30":{"start":{"line":71,"column":15},"end":{"line":79,"column":1}},"31":{"start":{"line":72,"column":2},"end":{"line":78,"column":3}},"32":{"start":{"line":73,"column":19},"end":{"line":73,"column":27}},"33":{"start":{"line":74,"column":4},"end":{"line":74,"column":38}},"34":{"start":{"line":75,"column":4},"end":{"line":75,"column":53}},"35":{"start":{"line":77,"column":4},"end":{"line":77,"column":12}},"36":{"start":{"line":81,"column":19},"end":{"line":101,"column":1}},"37":{"start":{"line":82,"column":27},"end":{"line":82,"column":35}},"38":{"start":{"line":83,"column":17},"end":{"line":83,"column":25}},"39":{"start":{"line":84,"column":2},"end":{"line":100,"column":3}},"40":{"start":{"line":85,"column":4},"end":{"line":85,"column":57}},"41":{"start":{"line":86,"column":17},"end":{"line":86,"column":41}},"42":{"start":{"line":87,"column":4},"end":{"line":97,"column":7}},"43":{"start":{"line":99,"column":4},"end":{"line":99,"column":12}},"44":{"start":{"line":103,"column":20},"end":{"line":121,"column":1}},"45":{"start":{"line":104,"column":17},"end":{"line":104,"column":25}},"46":{"start":{"line":105,"column":2},"end":{"line":120,"column":3}},"47":{"start":{"line":106,"column":17},"end":{"line":106,"column":41}},"48":{"start":{"line":107,"column":4},"end":{"line":117,"column":7}},"49":{"start":{"line":119,"column":4},"end":{"line":119,"column":12}},"50":{"start":{"line":123,"column":27},"end":{"line":144,"column":1}},"51":{"start":{"line":124,"column":13},"end":{"line":124,"column":24}},"52":{"start":{"line":125,"column":27},"end":{"line":125,"column":55}},"53":{"start":{"line":126,"column":19},"end":{"line":126,"column":32}},"54":{"start":{"line":127,"column":24},"end":{"line":127,"column":64}},"55":{"start":{"line":128,"column":14},"end":{"line":128,"column":39}},"56":{"start":{"line":129,"column":2},"end":{"line":132,"column":26}},"57":{"start":{"line":133,"column":2},"end":{"line":133,"column":61}},"58":{"start":{"line":134,"column":2},"end":{"line":134,"column":76}},"59":{"start":{"line":135,"column":20},"end":{"line":135,"column":64}},"60":{"start":{"line":136,"column":2},"end":{"line":142,"column":3}},"61":{"start":{"line":137,"column":4},"end":{"line":139,"column":6}},"62":{"start":{"line":141,"column":4},"end":{"line":141,"column":27}},"63":{"start":{"line":143,"column":2},"end":{"line":143,"column":19}},"64":{"start":{"line":146,"column":16},"end":{"line":161,"column":1}},"65":{"start":{"line":147,"column":2},"end":{"line":160,"column":3}},"66":{"start":{"line":148,"column":15},"end":{"line":148,"column":35}},"67":{"start":{"line":149,"column":22},"end":{"line":149,"column":51}},"68":{"start":{"line":150,"column":4},"end":{"line":150,"column":44}},"69":{"start":{"line":151,"column":4},"end":{"line":157,"column":7}},"70":{"start":{"line":159,"column":4},"end":{"line":159,"column":12}},"71":{"start":{"line":163,"column":0},"end":{"line":170,"column":2}}},"fnMap":{"0":{"name":"(anonymous_0)","decl":{"start":{"line":12,"column":17},"end":{"line":12,"column":18}},"loc":{"start":{"line":12,"column":43},"end":{"line":36,"column":1}},"line":12},"1":{"name":"(anonymous_1)","decl":{"start":{"line":38,"column":14},"end":{"line":38,"column":15}},"loc":{"start":{"line":38,"column":40},"end":{"line":69,"column":1}},"line":38},"2":{"name":"(anonymous_2)","decl":{"start":{"line":71,"column":15},"end":{"line":71,"column":16}},"loc":{"start":{"line":71,"column":41},"end":{"line":79,"column":1}},"line":71},"3":{"name":"(anonymous_3)","decl":{"start":{"line":81,"column":19},"end":{"line":81,"column":20}},"loc":{"start":{"line":81,"column":45},"end":{"line":101,"column":1}},"line":81},"4":{"name":"(anonymous_4)","decl":{"start":{"line":103,"column":20},"end":{"line":103,"column":21}},"loc":{"start":{"line":103,"column":46},"end":{"line":121,"column":1}},"line":103},"5":{"name":"(anonymous_5)","decl":{"start":{"line":123,"column":27},"end":{"line":123,"column":28}},"loc":{"start":{"line":123,"column":42},"end":{"line":144,"column":1}},"line":123},"6":{"name":"(anonymous_6)","decl":{"start":{"line":146,"column":16},"end":{"line":146,"column":17}},"loc":{"start":{"line":146,"column":42},"end":{"line":161,"column":1}},"line":146}},"branchMap":{"0":{"loc":{"start":{"line":16,"column":4},"end":{"line":21,"column":5}},"type":"if","locations":[{"start":{"line":16,"column":4},"end":{"line":21,"column":5}},{"start":{"line":16,"column":4},"end":{"line":21,"column":5}}],"line":16},"1":{"loc":{"start":{"line":42,"column":4},"end":{"line":49,"column":5}},"type":"if","locations":[{"start":{"line":42,"column":4},"end":{"line":49,"column":5}},{"start":{"line":42,"column":4},"end":{"line":49,"column":5}}],"line":42},"2":{"loc":{"start":{"line":42,"column":8},"end":{"line":42,"column":46}},"type":"binary-expr","locations":[{"start":{"line":42,"column":8},"end":{"line":42,"column":13}},{"start":{"line":42,"column":17},"end":{"line":42,"column":46}}],"line":42}},"s":{"0":2,"1":2,"2":2,"3":2,"4":2,"5":2,"6":2,"7":2,"8":2,"9":2,"10":2,"11":2,"12":2,"13":2,"14":1,"15":1,"16":1,"17":1,"18":2,"19":2,"20":2,"21":2,"22":2,"23":1,"24":1,"25":1,"26":1,"27":1,"28":1,"29":0,"30":2,"31":1,"32":1,"33":1,"34":1,"35":0,"36":2,"37":0,"38":0,"39":0,"40":0,"41":0,"42":0,"43":0,"44":2,"45":1,"46":1,"47":1,"48":1,"49":1,"50":2,"51":0,"52":0,"53":0,"54":0,"55":0,"56":0,"57":0,"58":0,"59":0,"60":0,"61":0,"62":0,"63":0,"64":2,"65":0,"66":0,"67":0,"68":0,"69":0,"70":0,"71":2},"f":{"0":2,"1":2,"2":1,"3":0,"4":1,"5":0,"6":0},"b":{"0":[1,1],"1":[1,1],"2":[2,1]},"_coverageSchema":"1a1c01bbd47fc00a2c39e90264f33305004495a9","hash":"ace92e662c23980182582beb9d6534dc17c9152b"}
,"/Users/oonysk/Documents/nodejs-homework/05-images/helpers/constants.js": {"path":"/Users/oonysk/Documents/nodejs-homework/05-images/helpers/constants.js","statementMap":{"0":{"start":{"line":1,"column":26},"end":{"line":5,"column":1}},"1":{"start":{"line":7,"column":25},"end":{"line":7,"column":26}},"2":{"start":{"line":9,"column":18},"end":{"line":19,"column":1}},"3":{"start":{"line":21,"column":0},"end":{"line":25,"column":2}}},"fnMap":{},"branchMap":{},"s":{"0":2,"1":2,"2":2,"3":2},"f":{},"b":{},"_coverageSchema":"1a1c01bbd47fc00a2c39e90264f33305004495a9","hash":"9f1b6fa9b8a37cdfdcf32ae0c5fd6c0e75144123"}
,"/Users/oonysk/Documents/nodejs-homework/05-images/helpers/create-dir.js": {"path":"/Users/oonysk/Documents/nodejs-homework/05-images/helpers/create-dir.js","statementMap":{"0":{"start":{"line":1,"column":11},"end":{"line":1,"column":33}},"1":{"start":{"line":3,"column":21},"end":{"line":8,"column":1}},"2":{"start":{"line":4,"column":2},"end":{"line":7,"column":23}},"3":{"start":{"line":6,"column":16},"end":{"line":6,"column":20}},"4":{"start":{"line":7,"column":17},"end":{"line":7,"column":22}},"5":{"start":{"line":10,"column":28},"end":{"line":14,"column":1}},"6":{"start":{"line":11,"column":2},"end":{"line":13,"column":3}},"7":{"start":{"line":12,"column":4},"end":{"line":12,"column":26}},"8":{"start":{"line":16,"column":0},"end":{"line":16,"column":36}}},"fnMap":{"0":{"name":"(anonymous_0)","decl":{"start":{"line":3,"column":21},"end":{"line":3,"column":22}},"loc":{"start":{"line":3,"column":31},"end":{"line":8,"column":1}},"line":3},"1":{"name":"(anonymous_1)","decl":{"start":{"line":6,"column":10},"end":{"line":6,"column":11}},"loc":{"start":{"line":6,"column":16},"end":{"line":6,"column":20}},"line":6},"2":{"name":"(anonymous_2)","decl":{"start":{"line":7,"column":11},"end":{"line":7,"column":12}},"loc":{"start":{"line":7,"column":17},"end":{"line":7,"column":22}},"line":7},"3":{"name":"(anonymous_3)","decl":{"start":{"line":10,"column":28},"end":{"line":10,"column":29}},"loc":{"start":{"line":10,"column":46},"end":{"line":14,"column":1}},"line":10}},"branchMap":{"0":{"loc":{"start":{"line":11,"column":2},"end":{"line":13,"column":3}},"type":"if","locations":[{"start":{"line":11,"column":2},"end":{"line":13,"column":3}},{"start":{"line":11,"column":2},"end":{"line":13,"column":3}}],"line":11}},"s":{"0":2,"1":2,"2":0,"3":0,"4":0,"5":2,"6":0,"7":0,"8":2},"f":{"0":0,"1":0,"2":0,"3":0},"b":{"0":[0,0]},"_coverageSchema":"1a1c01bbd47fc00a2c39e90264f33305004495a9","hash":"0bea86aeb759b105f728a008e598c54344908697"}
,"/Users/oonysk/Documents/nodejs-homework/05-images/helpers/guard.js": {"path":"/Users/oonysk/Documents/nodejs-homework/05-images/helpers/guard.js","statementMap":{"0":{"start":{"line":1,"column":17},"end":{"line":1,"column":36}},"1":{"start":{"line":2,"column":0},"end":{"line":2,"column":30}},"2":{"start":{"line":3,"column":22},"end":{"line":3,"column":44}},"3":{"start":{"line":5,"column":14},"end":{"line":19,"column":1}},"4":{"start":{"line":6,"column":2},"end":{"line":18,"column":21}},"5":{"start":{"line":7,"column":22},"end":{"line":7,"column":57}},"6":{"start":{"line":8,"column":4},"end":{"line":15,"column":5}},"7":{"start":{"line":9,"column":6},"end":{"line":14,"column":9}},"8":{"start":{"line":16,"column":4},"end":{"line":16,"column":20}},"9":{"start":{"line":17,"column":4},"end":{"line":17,"column":18}},"10":{"start":{"line":21,"column":0},"end":{"line":21,"column":23}}},"fnMap":{"0":{"name":"(anonymous_0)","decl":{"start":{"line":5,"column":14},"end":{"line":5,"column":15}},"loc":{"start":{"line":5,"column":34},"end":{"line":19,"column":1}},"line":5},"1":{"name":"(anonymous_1)","decl":{"start":{"line":6,"column":51},"end":{"line":6,"column":52}},"loc":{"start":{"line":6,"column":66},"end":{"line":18,"column":3}},"line":6}},"branchMap":{"0":{"loc":{"start":{"line":8,"column":4},"end":{"line":15,"column":5}},"type":"if","locations":[{"start":{"line":8,"column":4},"end":{"line":15,"column":5}},{"start":{"line":8,"column":4},"end":{"line":15,"column":5}}],"line":8},"1":{"loc":{"start":{"line":8,"column":8},"end":{"line":8,"column":44}},"type":"binary-expr","locations":[{"start":{"line":8,"column":8},"end":{"line":8,"column":13}},{"start":{"line":8,"column":17},"end":{"line":8,"column":20}},{"start":{"line":8,"column":24},"end":{"line":8,"column":44}}],"line":8}},"s":{"0":2,"1":2,"2":2,"3":2,"4":17,"5":17,"6":17,"7":1,"8":16,"9":16,"10":2},"f":{"0":17,"1":17},"b":{"0":[1,16],"1":[17,16,16]},"_coverageSchema":"1a1c01bbd47fc00a2c39e90264f33305004495a9","hash":"f8a16b7057b2fc56dd315da6b1dea52a73cbace5"}
,"/Users/oonysk/Documents/nodejs-homework/05-images/helpers/upload.js": {"path":"/Users/oonysk/Documents/nodejs-homework/05-images/helpers/upload.js","statementMap":{"0":{"start":{"line":1,"column":15},"end":{"line":1,"column":32}},"1":{"start":{"line":2,"column":13},"end":{"line":2,"column":28}},"2":{"start":{"line":3,"column":0},"end":{"line":3,"column":27}},"3":{"start":{"line":4,"column":19},"end":{"line":4,"column":67}},"4":{"start":{"line":6,"column":16},"end":{"line":13,"column":2}},"5":{"start":{"line":8,"column":4},"end":{"line":8,"column":25}},"6":{"start":{"line":11,"column":4},"end":{"line":11,"column":32}},"7":{"start":{"line":15,"column":15},"end":{"line":25,"column":2}},"8":{"start":{"line":19,"column":4},"end":{"line":22,"column":5}},"9":{"start":{"line":20,"column":6},"end":{"line":20,"column":21}},"10":{"start":{"line":21,"column":6},"end":{"line":21,"column":13}},"11":{"start":{"line":23,"column":4},"end":{"line":23,"column":20}},"12":{"start":{"line":27,"column":0},"end":{"line":27,"column":24}}},"fnMap":{"0":{"name":"(anonymous_0)","decl":{"start":{"line":7,"column":15},"end":{"line":7,"column":16}},"loc":{"start":{"line":7,"column":40},"end":{"line":9,"column":3}},"line":7},"1":{"name":"(anonymous_1)","decl":{"start":{"line":10,"column":12},"end":{"line":10,"column":13}},"loc":{"start":{"line":10,"column":37},"end":{"line":12,"column":3}},"line":10},"2":{"name":"(anonymous_2)","decl":{"start":{"line":18,"column":14},"end":{"line":18,"column":15}},"loc":{"start":{"line":18,"column":34},"end":{"line":24,"column":3}},"line":18}},"branchMap":{"0":{"loc":{"start":{"line":19,"column":4},"end":{"line":22,"column":5}},"type":"if","locations":[{"start":{"line":19,"column":4},"end":{"line":22,"column":5}},{"start":{"line":19,"column":4},"end":{"line":22,"column":5}}],"line":19}},"s":{"0":2,"1":2,"2":2,"3":2,"4":2,"5":0,"6":0,"7":2,"8":0,"9":0,"10":0,"11":0,"12":2},"f":{"0":0,"1":0,"2":0},"b":{"0":[0,0]},"_coverageSchema":"1a1c01bbd47fc00a2c39e90264f33305004495a9","hash":"0dc38c7c710763a758ee31d135d7ce03f84627ce"}
,"/Users/oonysk/Documents/nodejs-homework/05-images/model/contacts.js": {"path":"/Users/oonysk/Documents/nodejs-homework/05-images/model/contacts.js","statementMap":{"0":{"start":{"line":1,"column":16},"end":{"line":1,"column":45}},"1":{"start":{"line":3,"column":21},"end":{"line":9,"column":1}},"2":{"start":{"line":4,"column":15},"end":{"line":7,"column":4}},"3":{"start":{"line":8,"column":2},"end":{"line":8,"column":14}},"4":{"start":{"line":11,"column":23},"end":{"line":20,"column":1}},"5":{"start":{"line":12,"column":15},"end":{"line":18,"column":4}},"6":{"start":{"line":19,"column":2},"end":{"line":19,"column":14}},"7":{"start":{"line":22,"column":19},"end":{"line":25,"column":1}},"8":{"start":{"line":23,"column":15},"end":{"line":23,"column":41}},"9":{"start":{"line":24,"column":2},"end":{"line":24,"column":14}},"10":{"start":{"line":27,"column":22},"end":{"line":34,"column":1}},"11":{"start":{"line":28,"column":15},"end":{"line":32,"column":3}},"12":{"start":{"line":33,"column":2},"end":{"line":33,"column":14}},"13":{"start":{"line":36,"column":22},"end":{"line":42,"column":1}},"14":{"start":{"line":37,"column":15},"end":{"line":40,"column":4}},"15":{"start":{"line":41,"column":2},"end":{"line":41,"column":14}},"16":{"start":{"line":44,"column":0},"end":{"line":50,"column":2}}},"fnMap":{"0":{"name":"(anonymous_0)","decl":{"start":{"line":3,"column":21},"end":{"line":3,"column":22}},"loc":{"start":{"line":3,"column":39},"end":{"line":9,"column":1}},"line":3},"1":{"name":"(anonymous_1)","decl":{"start":{"line":11,"column":23},"end":{"line":11,"column":24}},"loc":{"start":{"line":11,"column":52},"end":{"line":20,"column":1}},"line":11},"2":{"name":"(anonymous_2)","decl":{"start":{"line":22,"column":19},"end":{"line":22,"column":20}},"loc":{"start":{"line":22,"column":35},"end":{"line":25,"column":1}},"line":22},"3":{"name":"(anonymous_3)","decl":{"start":{"line":27,"column":22},"end":{"line":27,"column":23}},"loc":{"start":{"line":27,"column":57},"end":{"line":34,"column":1}},"line":27},"4":{"name":"(anonymous_4)","decl":{"start":{"line":36,"column":22},"end":{"line":36,"column":23}},"loc":{"start":{"line":36,"column":51},"end":{"line":42,"column":1}},"line":36}},"branchMap":{},"s":{"0":1,"1":1,"2":0,"3":0,"4":1,"5":0,"6":0,"7":1,"8":0,"9":0,"10":1,"11":0,"12":0,"13":1,"14":0,"15":0,"16":1},"f":{"0":0,"1":0,"2":0,"3":0,"4":0},"b":{},"_coverageSchema":"1a1c01bbd47fc00a2c39e90264f33305004495a9","hash":"05c4f80a1beb30ce30d234e157a9034c34b0f517"}
,"/Users/oonysk/Documents/nodejs-homework/05-images/model/schemas/contacts.js": {"path":"/Users/oonysk/Documents/nodejs-homework/05-images/model/schemas/contacts.js","statementMap":{"0":{"start":{"line":1,"column":17},"end":{"line":1,"column":36}},"1":{"start":{"line":2,"column":32},"end":{"line":2,"column":40}},"2":{"start":{"line":3,"column":30},"end":{"line":3,"column":64}},"3":{"start":{"line":5,"column":22},"end":{"line":42,"column":2}},"4":{"start":{"line":15,"column":24},"end":{"line":15,"column":46}},"5":{"start":{"line":16,"column":26},"end":{"line":16,"column":57}},"6":{"start":{"line":25,"column":8},"end":{"line":25,"column":53}},"7":{"start":{"line":27,"column":26},"end":{"line":27,"column":57}},"8":{"start":{"line":44,"column":16},"end":{"line":44,"column":56}},"9":{"start":{"line":45,"column":0},"end":{"line":45,"column":25}}},"fnMap":{"0":{"name":"(anonymous_0)","decl":{"start":{"line":15,"column":17},"end":{"line":15,"column":18}},"loc":{"start":{"line":15,"column":24},"end":{"line":15,"column":46}},"line":15},"1":{"name":"(anonymous_1)","decl":{"start":{"line":16,"column":15},"end":{"line":16,"column":16}},"loc":{"start":{"line":16,"column":26},"end":{"line":16,"column":57}},"line":16},"2":{"name":"(anonymous_2)","decl":{"start":{"line":24,"column":17},"end":{"line":24,"column":18}},"loc":{"start":{"line":24,"column":30},"end":{"line":26,"column":7}},"line":24},"3":{"name":"(anonymous_3)","decl":{"start":{"line":27,"column":15},"end":{"line":27,"column":16}},"loc":{"start":{"line":27,"column":26},"end":{"line":27,"column":57}},"line":27}},"branchMap":{},"s":{"0":1,"1":1,"2":1,"3":1,"4":0,"5":0,"6":0,"7":0,"8":1,"9":1},"f":{"0":0,"1":0,"2":0,"3":0},"b":{},"_coverageSchema":"1a1c01bbd47fc00a2c39e90264f33305004495a9","hash":"750817f2e244a28fe3af41171d6043d4cb39b92b"}
,"/Users/oonysk/Documents/nodejs-homework/05-images/routes/api/contacts/index.js": {"path":"/Users/oonysk/Documents/nodejs-homework/05-images/routes/api/contacts/index.js","statementMap":{"0":{"start":{"line":1,"column":16},"end":{"line":1,"column":34}},"1":{"start":{"line":2,"column":15},"end":{"line":2,"column":31}},"2":{"start":{"line":4,"column":17},"end":{"line":4,"column":40}},"3":{"start":{"line":5,"column":19},"end":{"line":5,"column":44}},"4":{"start":{"line":6,"column":26},"end":{"line":6,"column":75}},"5":{"start":{"line":7,"column":14},"end":{"line":7,"column":47}},"6":{"start":{"line":9,"column":0},"end":{"line":9,"column":55}},"7":{"start":{"line":10,"column":0},"end":{"line":10,"column":78}},"8":{"start":{"line":11,"column":0},"end":{"line":11,"column":79}},"9":{"start":{"line":12,"column":0},"end":{"line":17,"column":2}},"10":{"start":{"line":18,"column":0},"end":{"line":24,"column":2}},"11":{"start":{"line":26,"column":0},"end":{"line":26,"column":24}}},"fnMap":{},"branchMap":{},"s":{"0":2,"1":2,"2":2,"3":2,"4":2,"5":2,"6":2,"7":2,"8":2,"9":2,"10":2,"11":2},"f":{},"b":{},"_coverageSchema":"1a1c01bbd47fc00a2c39e90264f33305004495a9","hash":"30b60e7d7ccab685f6b3e536169559808e50b071"}
,"/Users/oonysk/Documents/nodejs-homework/05-images/routes/api/contacts/validation.js": {"path":"/Users/oonysk/Documents/nodejs-homework/05-images/routes/api/contacts/validation.js","statementMap":{"0":{"start":{"line":1,"column":12},"end":{"line":1,"column":26}},"1":{"start":{"line":2,"column":22},"end":{"line":2,"column":59}},"2":{"start":{"line":4,"column":28},"end":{"line":16,"column":2}},"3":{"start":{"line":18,"column":28},"end":{"line":30,"column":9}},"4":{"start":{"line":32,"column":17},"end":{"line":42,"column":1}},"5":{"start":{"line":33,"column":20},"end":{"line":33,"column":40}},"6":{"start":{"line":34,"column":2},"end":{"line":40,"column":3}},"7":{"start":{"line":35,"column":26},"end":{"line":35,"column":39}},"8":{"start":{"line":36,"column":4},"end":{"line":39,"column":7}},"9":{"start":{"line":41,"column":2},"end":{"line":41,"column":9}},"10":{"start":{"line":44,"column":0},"end":{"line":46,"column":2}},"11":{"start":{"line":45,"column":2},"end":{"line":45,"column":55}},"12":{"start":{"line":48,"column":0},"end":{"line":50,"column":2}},"13":{"start":{"line":49,"column":2},"end":{"line":49,"column":55}}},"fnMap":{"0":{"name":"(anonymous_0)","decl":{"start":{"line":32,"column":17},"end":{"line":32,"column":18}},"loc":{"start":{"line":32,"column":40},"end":{"line":42,"column":1}},"line":32},"1":{"name":"(anonymous_1)","decl":{"start":{"line":44,"column":31},"end":{"line":44,"column":32}},"loc":{"start":{"line":44,"column":51},"end":{"line":46,"column":1}},"line":44},"2":{"name":"(anonymous_2)","decl":{"start":{"line":48,"column":31},"end":{"line":48,"column":32}},"loc":{"start":{"line":48,"column":51},"end":{"line":50,"column":1}},"line":48}},"branchMap":{"0":{"loc":{"start":{"line":34,"column":2},"end":{"line":40,"column":3}},"type":"if","locations":[{"start":{"line":34,"column":2},"end":{"line":40,"column":3}},{"start":{"line":34,"column":2},"end":{"line":40,"column":3}}],"line":34}},"s":{"0":2,"1":2,"2":2,"3":2,"4":2,"5":9,"6":9,"7":6,"8":6,"9":3,"10":2,"11":5,"12":2,"13":4},"f":{"0":9,"1":5,"2":4},"b":{"0":[6,3]},"_coverageSchema":"1a1c01bbd47fc00a2c39e90264f33305004495a9","hash":"fda3ede34d9716949fe90a0b7a306ed5ce03ce83"}
,"/Users/oonysk/Documents/nodejs-homework/05-images/routes/api/contacts/validationId.js": {"path":"/Users/oonysk/Documents/nodejs-homework/05-images/routes/api/contacts/validationId.js","statementMap":{"0":{"start":{"line":1,"column":17},"end":{"line":1,"column":36}},"1":{"start":{"line":3,"column":17},"end":{"line":3,"column":40}},"2":{"start":{"line":8,"column":6},"end":{"line":8,"column":9}},"3":{"start":{"line":10,"column":2},"end":{"line":16,"column":3}},"4":{"start":{"line":11,"column":4},"end":{"line":15,"column":7}},"5":{"start":{"line":17,"column":2},"end":{"line":17,"column":9}},"6":{"start":{"line":20,"column":0},"end":{"line":20,"column":27}}},"fnMap":{"0":{"name":"isIdValid","decl":{"start":{"line":5,"column":9},"end":{"line":5,"column":18}},"loc":{"start":{"line":5,"column":35},"end":{"line":18,"column":1}},"line":5}},"branchMap":{"0":{"loc":{"start":{"line":10,"column":2},"end":{"line":16,"column":3}},"type":"if","locations":[{"start":{"line":10,"column":2},"end":{"line":16,"column":3}},{"start":{"line":10,"column":2},"end":{"line":16,"column":3}}],"line":10}},"s":{"0":2,"1":2,"2":8,"3":8,"4":0,"5":8,"6":2},"f":{"0":8},"b":{"0":[0,8]},"_coverageSchema":"1a1c01bbd47fc00a2c39e90264f33305004495a9","hash":"1f231073bd17bbd1672c02a7d62c920a457453c9"}
,"/Users/oonysk/Documents/nodejs-homework/05-images/routes/api/users/index.js": {"path":"/Users/oonysk/Documents/nodejs-homework/05-images/routes/api/users/index.js","statementMap":{"0":{"start":{"line":1,"column":16},"end":{"line":1,"column":34}},"1":{"start":{"line":2,"column":15},"end":{"line":2,"column":31}},"2":{"start":{"line":4,"column":17},"end":{"line":4,"column":40}},"3":{"start":{"line":5,"column":23},"end":{"line":5,"column":69}},"4":{"start":{"line":6,"column":14},"end":{"line":6,"column":47}},"5":{"start":{"line":7,"column":15},"end":{"line":7,"column":49}},"6":{"start":{"line":9,"column":0},"end":{"line":9,"column":74}},"7":{"start":{"line":10,"column":0},"end":{"line":10,"column":65}},"8":{"start":{"line":11,"column":0},"end":{"line":11,"column":58}},"9":{"start":{"line":12,"column":0},"end":{"line":12,"column":73}},"10":{"start":{"line":13,"column":0},"end":{"line":13,"column":51}},"11":{"start":{"line":14,"column":0},"end":{"line":18,"column":2}},"12":{"start":{"line":20,"column":0},"end":{"line":20,"column":24}}},"fnMap":{},"branchMap":{},"s":{"0":2,"1":2,"2":2,"3":2,"4":2,"5":2,"6":2,"7":2,"8":2,"9":2,"10":2,"11":2,"12":2},"f":{},"b":{},"_coverageSchema":"1a1c01bbd47fc00a2c39e90264f33305004495a9","hash":"558285342d44663e723948aaf44a90a5ffe0f3ff"}
,"/Users/oonysk/Documents/nodejs-homework/05-images/routes/api/users/validation.js": {"path":"/Users/oonysk/Documents/nodejs-homework/05-images/routes/api/users/validation.js","statementMap":{"0":{"start":{"line":1,"column":12},"end":{"line":1,"column":26}},"1":{"start":{"line":2,"column":22},"end":{"line":2,"column":59}},"2":{"start":{"line":4,"column":23},"end":{"line":14,"column":2}},"3":{"start":{"line":16,"column":20},"end":{"line":26,"column":2}},"4":{"start":{"line":28,"column":25},"end":{"line":30,"column":9}},"5":{"start":{"line":32,"column":17},"end":{"line":42,"column":1}},"6":{"start":{"line":33,"column":20},"end":{"line":33,"column":40}},"7":{"start":{"line":34,"column":2},"end":{"line":40,"column":3}},"8":{"start":{"line":35,"column":26},"end":{"line":35,"column":39}},"9":{"start":{"line":36,"column":4},"end":{"line":39,"column":7}},"10":{"start":{"line":41,"column":2},"end":{"line":41,"column":9}},"11":{"start":{"line":44,"column":0},"end":{"line":46,"column":2}},"12":{"start":{"line":45,"column":2},"end":{"line":45,"column":50}},"13":{"start":{"line":48,"column":0},"end":{"line":50,"column":2}},"14":{"start":{"line":49,"column":2},"end":{"line":49,"column":47}},"15":{"start":{"line":52,"column":0},"end":{"line":54,"column":2}},"16":{"start":{"line":53,"column":2},"end":{"line":53,"column":52}},"17":{"start":{"line":56,"column":0},"end":{"line":64,"column":2}},"18":{"start":{"line":57,"column":2},"end":{"line":62,"column":3}},"19":{"start":{"line":58,"column":4},"end":{"line":61,"column":7}},"20":{"start":{"line":63,"column":2},"end":{"line":63,"column":9}}},"fnMap":{"0":{"name":"(anonymous_0)","decl":{"start":{"line":32,"column":17},"end":{"line":32,"column":18}},"loc":{"start":{"line":32,"column":40},"end":{"line":42,"column":1}},"line":32},"1":{"name":"(anonymous_1)","decl":{"start":{"line":44,"column":26},"end":{"line":44,"column":27}},"loc":{"start":{"line":44,"column":46},"end":{"line":46,"column":1}},"line":44},"2":{"name":"(anonymous_2)","decl":{"start":{"line":48,"column":23},"end":{"line":48,"column":24}},"loc":{"start":{"line":48,"column":43},"end":{"line":50,"column":1}},"line":48},"3":{"name":"(anonymous_3)","decl":{"start":{"line":52,"column":28},"end":{"line":52,"column":29}},"loc":{"start":{"line":52,"column":48},"end":{"line":54,"column":1}},"line":52},"4":{"name":"(anonymous_4)","decl":{"start":{"line":56,"column":30},"end":{"line":56,"column":31}},"loc":{"start":{"line":56,"column":50},"end":{"line":64,"column":1}},"line":56}},"branchMap":{"0":{"loc":{"start":{"line":34,"column":2},"end":{"line":40,"column":3}},"type":"if","locations":[{"start":{"line":34,"column":2},"end":{"line":40,"column":3}},{"start":{"line":34,"column":2},"end":{"line":40,"column":3}}],"line":34},"1":{"loc":{"start":{"line":57,"column":2},"end":{"line":62,"column":3}},"type":"if","locations":[{"start":{"line":57,"column":2},"end":{"line":62,"column":3}},{"start":{"line":57,"column":2},"end":{"line":62,"column":3}}],"line":57}},"s":{"0":2,"1":2,"2":2,"3":2,"4":2,"5":2,"6":5,"7":5,"8":1,"9":1,"10":4,"11":2,"12":2,"13":2,"14":3,"15":2,"16":0,"17":2,"18":0,"19":0,"20":0},"f":{"0":5,"1":2,"2":3,"3":0,"4":0},"b":{"0":[1,4],"1":[0,0]},"_coverageSchema":"1a1c01bbd47fc00a2c39e90264f33305004495a9","hash":"daefe7269d538fc8352572bb56e5cc933fa9ca88"}
}
