TN:
SF:app.js
FN:23,(anonymous_0)
FN:27,(anonymous_1)
FNF:2
FNH:1
FNDA:0,(anonymous_0)
FNDA:10,(anonymous_1)
DA:1,2
DA:2,2
DA:3,2
DA:4,2
DA:5,2
DA:6,2
DA:7,2
DA:8,2
DA:10,2
DA:12,2
DA:13,2
DA:14,2
DA:16,2
DA:17,2
DA:18,2
DA:20,2
DA:21,2
DA:23,2
DA:24,0
DA:27,2
DA:28,10
DA:33,2
LF:22
LH:21
BRDA:14,0,0,0
BRDA:14,0,1,2
BRDA:16,1,0,2
BRDA:16,1,1,0
BRDA:29,2,0,10
BRDA:29,2,1,2
BRF:6
BRH:4
end_of_record
TN:
SF:config/passport.js
FN:14,(anonymous_0)
FNF:1
FNH:1
FNDA:16,(anonymous_0)
DA:1,2
DA:2,2
DA:3,2
DA:5,2
DA:6,2
DA:8,2
DA:13,2
DA:15,16
DA:16,16
DA:17,16
DA:18,0
DA:20,16
DA:21,0
DA:23,16
DA:25,0
LF:15
LH:12
BRDA:17,0,0,0
BRDA:17,0,1,16
BRDA:20,1,0,0
BRDA:20,1,1,16
BRF:4
BRH:2
end_of_record
TN:
SF:controllers/contactController.js
FN:4,(anonymous_0)
FN:20,(anonymous_1)
FN:46,(anonymous_2)
FN:62,(anonymous_3)
FN:90,(anonymous_4)
FNF:5
FNH:5
FNDA:1,(anonymous_0)
FNDA:2,(anonymous_1)
FNDA:1,(anonymous_2)
FNDA:2,(anonymous_3)
FNDA:2,(anonymous_4)
DA:1,2
DA:2,2
DA:4,2
DA:5,1
DA:6,1
DA:7,1
DA:8,1
DA:16,0
DA:20,2
DA:21,2
DA:24,2
DA:25,2
DA:26,2
DA:27,2
DA:28,1
DA:36,1
DA:42,0
DA:46,2
DA:47,1
DA:48,1
DA:49,1
DA:50,1
DA:58,0
DA:62,2
DA:63,2
DA:67,2
DA:68,2
DA:69,2
DA:70,2
DA:71,1
DA:79,1
DA:86,0
DA:90,2
DA:91,2
DA:94,2
DA:95,2
DA:96,2
DA:97,2
DA:98,1
DA:106,1
DA:112,0
DA:116,2
LF:42
LH:37
BRDA:27,0,0,1
BRDA:27,0,1,1
BRDA:70,1,0,1
BRDA:70,1,1,1
BRDA:97,2,0,1
BRDA:97,2,1,1
BRF:6
BRH:6
end_of_record
TN:
SF:controllers/userController.js
FN:12,(anonymous_0)
FN:38,(anonymous_1)
FN:71,(anonymous_2)
FN:81,(anonymous_3)
FN:103,(anonymous_4)
FN:123,(anonymous_5)
FN:146,(anonymous_6)
FNF:7
FNH:4
FNDA:2,(anonymous_0)
FNDA:2,(anonymous_1)
FNDA:1,(anonymous_2)
FNDA:0,(anonymous_3)
FNDA:1,(anonymous_4)
FNDA:0,(anonymous_5)
FNDA:0,(anonymous_6)
DA:1,2
DA:2,2
DA:3,2
DA:4,2
DA:5,2
DA:6,2
DA:7,2
DA:9,2
DA:10,2
DA:12,2
DA:13,2
DA:14,2
DA:15,2
DA:16,2
DA:17,1
DA:22,1
DA:23,1
DA:34,1
DA:38,2
DA:39,2
DA:40,2
DA:41,2
DA:42,2
DA:43,1
DA:50,1
DA:51,1
DA:52,1
DA:53,1
DA:54,1
DA:67,0
DA:71,2
DA:72,1
DA:73,1
DA:74,1
DA:75,1
DA:77,0
DA:81,2
DA:82,0
DA:83,0
DA:84,0
DA:85,0
DA:86,0
DA:87,0
DA:99,0
DA:103,2
DA:104,1
DA:105,1
DA:106,1
DA:107,1
DA:119,1
DA:123,2
DA:124,0
DA:125,0
DA:126,0
DA:127,0
DA:128,0
DA:129,0
DA:133,0
DA:134,0
DA:135,0
DA:136,0
DA:137,0
DA:141,0
DA:143,0
DA:146,2
DA:147,0
DA:148,0
DA:149,0
DA:150,0
DA:151,0
DA:159,0
DA:163,2
LF:72
LH:44
BRDA:16,0,0,1
BRDA:16,0,1,1
BRDA:42,1,0,1
BRDA:42,1,1,1
BRDA:42,2,0,2
BRDA:42,2,1,1
BRF:6
BRH:6
end_of_record
TN:
SF:helpers/constants.js
FNF:0
FNH:0
DA:1,2
DA:7,2
DA:9,2
DA:21,2
LF:4
LH:4
BRF:0
BRH:0
end_of_record
TN:
SF:helpers/create-dir.js
FN:3,(anonymous_0)
FN:6,(anonymous_1)
FN:7,(anonymous_2)
FN:10,(anonymous_3)
FNF:4
FNH:0
FNDA:0,(anonymous_0)
FNDA:0,(anonymous_1)
FNDA:0,(anonymous_2)
FNDA:0,(anonymous_3)
DA:1,2
DA:3,2
DA:4,0
DA:6,0
DA:7,0
DA:10,2
DA:11,0
DA:12,0
DA:16,2
LF:9
LH:4
BRDA:11,0,0,0
BRDA:11,0,1,0
BRF:2
BRH:0
end_of_record
TN:
SF:helpers/guard.js
FN:5,(anonymous_0)
FN:6,(anonymous_1)
FNF:2
FNH:2
FNDA:17,(anonymous_0)
FNDA:17,(anonymous_1)
DA:1,2
DA:2,2
DA:3,2
DA:5,2
DA:6,17
DA:7,17
DA:8,17
DA:9,1
DA:16,16
DA:17,16
DA:21,2
LF:11
LH:11
BRDA:8,0,0,1
BRDA:8,0,1,16
BRDA:8,1,0,17
BRDA:8,1,1,16
BRDA:8,1,2,16
BRF:5
BRH:5
end_of_record
TN:
SF:helpers/upload.js
FN:7,(anonymous_0)
FN:10,(anonymous_1)
FN:18,(anonymous_2)
FNF:3
FNH:0
FNDA:0,(anonymous_0)
FNDA:0,(anonymous_1)
FNDA:0,(anonymous_2)
DA:1,2
DA:2,2
DA:3,2
DA:4,2
DA:6,2
DA:8,0
DA:11,0
DA:15,2
DA:19,0
DA:20,0
DA:21,0
DA:23,0
DA:27,2
LF:13
LH:7
BRDA:19,0,0,0
BRDA:19,0,1,0
BRF:2
BRH:0
end_of_record
TN:
SF:model/contacts.js
FN:3,(anonymous_0)
FN:11,(anonymous_1)
FN:22,(anonymous_2)
FN:27,(anonymous_3)
FN:36,(anonymous_4)
FNF:5
FNH:0
FNDA:0,(anonymous_0)
FNDA:0,(anonymous_1)
FNDA:0,(anonymous_2)
FNDA:0,(anonymous_3)
FNDA:0,(anonymous_4)
DA:1,1
DA:3,1
DA:4,0
DA:8,0
DA:11,1
DA:12,0
DA:19,0
DA:22,1
DA:23,0
DA:24,0
DA:27,1
DA:28,0
DA:33,0
DA:36,1
DA:37,0
DA:41,0
DA:44,1
LF:17
LH:7
BRF:0
BRH:0
end_of_record
TN:
SF:model/schemas/contacts.js
FN:15,(anonymous_0)
FN:16,(anonymous_1)
FN:24,(anonymous_2)
FN:27,(anonymous_3)
FNF:4
FNH:0
FNDA:0,(anonymous_0)
FNDA:0,(anonymous_1)
FNDA:0,(anonymous_2)
FNDA:0,(anonymous_3)
DA:1,1
DA:2,1
DA:3,1
DA:5,1
DA:15,0
DA:16,0
DA:25,0
DA:27,0
DA:44,1
DA:45,1
LF:10
LH:6
BRF:0
BRH:0
end_of_record
TN:
SF:routes/api/contacts/index.js
FNF:0
FNH:0
DA:1,2
DA:2,2
DA:4,2
DA:5,2
DA:6,2
DA:7,2
DA:9,2
DA:10,2
DA:11,2
DA:12,2
DA:18,2
DA:26,2
LF:12
LH:12
BRF:0
BRH:0
end_of_record
TN:
SF:routes/api/contacts/validation.js
FN:32,(anonymous_0)
FN:44,(anonymous_1)
FN:48,(anonymous_2)
FNF:3
FNH:3
FNDA:9,(anonymous_0)
FNDA:5,(anonymous_1)
FNDA:4,(anonymous_2)
DA:1,2
DA:2,2
DA:4,2
DA:18,2
DA:32,2
DA:33,9
DA:34,9
DA:35,6
DA:36,6
DA:41,3
DA:44,2
DA:45,5
DA:48,2
DA:49,4
LF:14
LH:14
BRDA:34,0,0,6
BRDA:34,0,1,3
BRF:2
BRH:2
end_of_record
TN:
SF:routes/api/contacts/validationId.js
FN:5,isIdValid
FNF:1
FNH:1
FNDA:8,isIdValid
DA:1,2
DA:3,2
DA:8,8
DA:10,8
DA:11,0
DA:17,8
DA:20,2
LF:7
LH:6
BRDA:10,0,0,0
BRDA:10,0,1,8
BRF:2
BRH:1
end_of_record
TN:
SF:routes/api/users/index.js
FNF:0
FNH:0
DA:1,2
DA:2,2
DA:4,2
DA:5,2
DA:6,2
DA:7,2
DA:9,2
DA:10,2
DA:11,2
DA:12,2
DA:13,2
DA:14,2
DA:20,2
LF:13
LH:13
BRF:0
BRH:0
end_of_record
TN:
SF:routes/api/users/validation.js
FN:32,(anonymous_0)
FN:44,(anonymous_1)
FN:48,(anonymous_2)
FN:52,(anonymous_3)
FN:56,(anonymous_4)
FNF:5
FNH:3
FNDA:5,(anonymous_0)
FNDA:2,(anonymous_1)
FNDA:3,(anonymous_2)
FNDA:0,(anonymous_3)
FNDA:0,(anonymous_4)
DA:1,2
DA:2,2
DA:4,2
DA:16,2
DA:28,2
DA:32,2
DA:33,5
DA:34,5
DA:35,1
DA:36,1
DA:41,4
DA:44,2
DA:45,2
DA:48,2
DA:49,3
DA:52,2
DA:53,0
DA:56,2
DA:57,0
DA:58,0
DA:63,0
LF:21
LH:17
BRDA:34,0,0,1
BRDA:34,0,1,4
BRDA:57,1,0,0
BRDA:57,1,1,0
BRF:4
BRH:2
end_of_record
